2024-05-24 11:22:05,578 INFO Loaded data/uploads/1.csv - Shape: (49, 5)
2024-05-24 11:22:05,578 INFO Loaded data/uploads/3.csv - Shape: (49, 5)
2024-05-24 11:22:05,579 INFO Loaded data/uploads/2.csv - Shape: (49, 5)
2024-05-24 11:22:05,581 INFO Dataset 1 - Binary class distribution:
class
0    98
1    49
Name: count, dtype: int64
2024-05-24 11:22:05,582 INFO Dataset 2 - Binary class distribution:
class
0    98
1    49
Name: count, dtype: int64
2024-05-24 11:22:05,584 INFO Dataset 3 - Binary class distribution:
class
0    98
1    49
Name: count, dtype: int64
2024-05-24 11:23:51,061 INFO Loaded data/uploads/1.csv - Shape: (49, 5)
2024-05-24 11:23:51,062 INFO Loaded data/uploads/3.csv - Shape: (49, 5)
2024-05-24 11:23:51,063 INFO Loaded data/uploads/2.csv - Shape: (49, 5)
2024-05-24 11:23:51,065 INFO Dataset 1 - Binary class distribution:
class
0    98
1    49
Name: count, dtype: int64
2024-05-24 11:23:51,066 INFO Dataset 2 - Binary class distribution:
class
0    98
1    49
Name: count, dtype: int64
2024-05-24 11:23:51,068 INFO Dataset 3 - Binary class distribution:
class
0    98
1    49
Name: count, dtype: int64
2024-05-24 11:23:51,069 INFO Saved data/converted/file1.arff
2024-05-24 11:23:51,070 INFO Saved data/converted/file2.arff
2024-05-24 11:23:51,070 INFO Saved data/converted/file3.arff
2024-05-24 11:23:51,070 INFO Conversion completed successfully
2024-05-24 11:31:09,201 INFO Loaded data/uploads/1.csv - Shape: (49, 5)
2024-05-24 11:31:09,201 INFO Loaded data/uploads/3.csv - Shape: (49, 5)
2024-05-24 11:31:09,202 INFO Loaded data/uploads/2.csv - Shape: (49, 5)
2024-05-24 11:31:09,204 ERROR Dataset 1 contains NaN values after concatenation.
2024-05-24 11:31:09,204 INFO Dataset 1 - Binary class distribution:
class
0    98
1    49
Name: count, dtype: int64
2024-05-24 11:31:09,205 ERROR Dataset 2 contains NaN values after concatenation.
2024-05-24 11:31:09,205 INFO Dataset 2 - Binary class distribution:
class
0    98
1    49
Name: count, dtype: int64
2024-05-24 11:31:09,206 ERROR Dataset 3 contains NaN values after concatenation.
2024-05-24 11:31:09,207 INFO Dataset 3 - Binary class distribution:
class
0    98
1    49
Name: count, dtype: int64
2024-05-24 11:31:09,208 INFO Saved data/converted/file1.arff
2024-05-24 11:31:09,208 INFO Saved data/converted/file2.arff
2024-05-24 11:31:09,209 INFO Saved data/converted/file3.arff
2024-05-24 11:31:09,209 INFO Conversion completed successfully
2024-05-24 11:35:19,483 INFO Loaded data/uploads/1.csv - Shape: (49, 5)
2024-05-24 11:35:19,484 INFO Loaded data/uploads/3.csv - Shape: (49, 5)
2024-05-24 11:35:19,485 INFO Loaded data/uploads/2.csv - Shape: (49, 5)
2024-05-24 11:35:19,487 ERROR Dataset 1 contains NaN values after concatenation.
2024-05-24 11:35:19,487 INFO Dataset 1 - Binary class distribution:
class
0    98
1    49
Name: count, dtype: int64
2024-05-24 11:35:19,488 ERROR Dataset 2 contains NaN values after concatenation.
2024-05-24 11:35:19,489 INFO Dataset 2 - Binary class distribution:
class
0    98
1    49
Name: count, dtype: int64
2024-05-24 11:35:19,490 ERROR Dataset 3 contains NaN values after concatenation.
2024-05-24 11:35:19,490 INFO Dataset 3 - Binary class distribution:
class
0    98
1    49
Name: count, dtype: int64
2024-05-24 11:35:19,491 INFO Saved data/converted/file1.arff
2024-05-24 11:35:19,492 INFO Saved data/converted/file2.arff
2024-05-24 11:35:19,493 INFO Saved data/converted/file3.arff
2024-05-24 11:35:19,493 INFO Conversion completed successfully
2024-05-24 11:42:47,032 INFO Converted data/uploads/1.csv to data/converted/file1.arff
2024-05-24 11:42:47,033 INFO Converted data/uploads/3.csv to data/converted/file2.arff
2024-05-24 11:42:47,033 INFO Converted data/uploads/2.csv to data/converted/file3.arff
2024-05-24 12:19:09,969 INFO Converted data/uploads/1.csv to data/converted/file1.arff
2024-05-24 12:19:09,970 INFO Converted data/uploads/3.csv to data/converted/file2.arff
2024-05-24 12:19:09,970 INFO Converted data/uploads/2.csv to data/converted/file3.arff
